{
  "stats": {
    "suites": 1,
    "tests": 2,
    "passes": 2,
    "pending": 0,
    "failures": 0,
    "start": "2024-09-29T08:10:46.043Z",
    "end": "2024-09-29T08:11:52.908Z",
    "duration": 66865,
    "testsRegistered": 2,
    "passPercent": 100,
    "pendingPercent": 0,
    "other": 0,
    "hasOther": false,
    "skipped": 0,
    "hasSkipped": false
  },
  "results": [
    {
      "uuid": "365d85c3-f65e-4e2d-8fdf-a42d4d106594",
      "title": "",
      "fullFile": "cypress/e2e/DemoQA_spec.cy.js",
      "file": "cypress/e2e/DemoQA_spec.cy.js",
      "beforeHooks": [],
      "afterHooks": [],
      "tests": [],
      "suites": [
        {
          "uuid": "8be630c8-f86e-4ce9-a5ff-39b5aea20d06",
          "title": "Feature: Demo QA Text Box Test",
          "fullFile": "",
          "file": "",
          "beforeHooks": [],
          "afterHooks": [],
          "tests": [
            {
              "title": "Test case 1: input first text into text box",
              "fullTitle": "Feature: Demo QA Text Box Test Test case 1: input first text into text box",
              "timedOut": null,
              "duration": 54974,
              "state": "passed",
              "speed": "slow",
              "pass": true,
              "fail": false,
              "pending": false,
              "context": null,
              "code": "// Input into Full Name text box\ncy.get('#userName').type('TestCase1');\ncy.get('#userEmail').type('TestCase1@email.com');\ncy.get('#currentAddress').type('TestCase1 address');\ncy.get('#permanentAddress').type('TestCase1 permanent address');\ncy.get('#submit').click();\ncy.get('#output').should('contain', 'TestCase1');\ncy.get('#output').should('contain', 'TestCase1@email.com');\ncy.get('#output').should('contain', 'TestCase1 address');\ncy.get('#output').should('contain', 'TestCase1 permanent address');",
              "err": {},
              "uuid": "8aff5b59-2a1f-4282-9cdd-bc0f6de0c688",
              "parentUUID": "8be630c8-f86e-4ce9-a5ff-39b5aea20d06",
              "isHook": false,
              "skipped": false
            },
            {
              "title": "Test case 2: input second text into text box",
              "fullTitle": "Feature: Demo QA Text Box Test Test case 2: input second text into text box",
              "timedOut": null,
              "duration": 10196,
              "state": "passed",
              "speed": "slow",
              "pass": true,
              "fail": false,
              "pending": false,
              "context": null,
              "code": "// Input into Full Name text box\ncy.get('#userName').type('TestCase2');\ncy.get('#userEmail').type('TestCase2@email.com');\ncy.get('#currentAddress').type('TestCase2 address');\ncy.get('#permanentAddress').type('TestCase2 permanent address');\ncy.get('#submit').click();\ncy.get('#output').should('contain', 'TestCase2');\ncy.get('#output').should('contain', 'TestCase2@email.com');\ncy.get('#output').should('contain', 'TestCase2 address');\ncy.get('#output').should('contain', 'TestCase2 permanent address');",
              "err": {},
              "uuid": "174c53a3-8dd9-4127-8573-98c14a00736a",
              "parentUUID": "8be630c8-f86e-4ce9-a5ff-39b5aea20d06",
              "isHook": false,
              "skipped": false
            }
          ],
          "suites": [],
          "passes": [
            "8aff5b59-2a1f-4282-9cdd-bc0f6de0c688",
            "174c53a3-8dd9-4127-8573-98c14a00736a"
          ],
          "failures": [],
          "pending": [],
          "skipped": [],
          "duration": 65170,
          "root": false,
          "rootEmpty": false,
          "_timeout": 2000
        }
      ],
      "passes": [],
      "failures": [],
      "pending": [],
      "skipped": [],
      "duration": 0,
      "root": true,
      "rootEmpty": true,
      "_timeout": 2000
    }
  ],
  "meta": {
    "mocha": {
      "version": "7.0.1"
    },
    "mochawesome": {
      "options": {
        "quiet": false,
        "reportFilename": "mochawesome",
        "saveHtml": true,
        "saveJson": true,
        "consoleReporter": "spec",
        "useInlineDiffs": false,
        "code": true
      },
      "version": "7.1.3"
    },
    "marge": {
      "options": {
        "reportDir": "cypress/reports",
        "overwrite": false,
        "html": true,
        "json": true
      },
      "version": "6.2.0"
    }
  }
}